<?xml version="1.0" encoding="UTF-8"?>
<!-- Generated by org.testng.reporters.JUnitReportReporter -->
<testsuite hostname="DESKTOP-5AHLFDC" failures="0" tests="1" name="runner.RunTest" time="28.468" errors="0" timestamp="2024-06-24T12:25:50 IST" skipped="0">
  <testcase classname="runner.RunTest" name="runScenario" time="28.468"/>
  <system-out/>
</testsuite> <!-- runner.RunTest -->
